<?xml version="1.0" encoding="UTF-8"?>
<!-- Generated by org.testng.reporters.JUnitXMLReporter -->
<testsuite ignored="0" hostname="LAPTOP-95OV1M57" failures="0" tests="1" name="Test in Chrome" time="20.765" errors="0" timestamp="2026-01-14T10:35:37 GMT-06:00">
  <testcase classname="SeleniumCertification.baseFile" name="@BeforeTest setup" time="5.452">
    <failure type="org.openqa.selenium.WebDriverException" message="LT01KEYNS51EZ2Z4GYPTB5RZD5B9-LF5BT-US-WEST-2: Error: Could not find a valid browserVersionData. config received, osVersion: tahoe browserName: safari browserVersion: 143.0 Input capabilities : {&amp;quot;DisableXFHeaders&amp;quot;:true,&amp;quot;browserName&amp;quot;:&amp;quot;safari&amp;quot;,&amp;quot;build&amp;quot;:&amp;quot;SeleniumCertificate&amp;quot;,&amp;quot;console&amp;quot;:&amp;quot;false&amp;quot;,&amp;quot;enableNetworkThrottling&amp;quot;:false,&amp;quot;extendedDebuging&amp;quot;:true,&amp;quot;headless&amp;quot;:false,&amp;quot;hubVersion&amp;quot;:&amp;quot;v3.6.18-merger&amp;quot;,&amp;quot;isRealMobile&amp;quot;:false,&amp;quot;jwp&amp;quot;:false,&amp;quot;loggingPrefs&amp;quot;:{&amp;quot;browser&amp;quot;:&amp;quot;ALL&amp;quot;,&amp;quot;driver&amp;quot;:&amp;quot;ALL&amp;quot;,&amp;quot;performance&amp;quot;:&amp;quot;ALL&amp;quot;,&amp;quot;server&amp;quot;:&amp;quot;ALL&amp;quot;},&amp;quot;lt:options&amp;quot;:{&amp;quot;build&amp;quot;:&amp;quot;SeleniumCertificate&amp;quot;,&amp;quot;console&amp;quot;:true,&amp;quot;name&amp;quot;:&amp;quot;Scenario 3 in FireFox&amp;quot;,&amp;quot;network&amp;quot;:true,&amp;quot;platformName&amp;quot;:&amp;quot;MacOS Tahoe&amp;quot;,&amp;quot;project&amp;quot;:&amp;quot;Test Scenarios&amp;quot;,&amp;quot;resolution&amp;quot;:&amp;quot;1024x768&amp;quot;,&amp;quot;selenium_version&amp;quot;:&amp;quot;3.13.0&amp;quot;,&amp;quot;video&amp;quot;:true,&amp;quot;visual&amp;quot;:true},&amp;quot;mode&amp;quot;:&amp;quot;cloud&amp;quot;,&amp;quot;name&amp;quot;:&amp;quot;Scenario 3 in FireFox&amp;quot;,&amp;quot;network&amp;quot;:true,&amp;quot;network.har&amp;quot;:true,&amp;quot;performance&amp;quot;:false,&amp;quot;platform&amp;quot;:&amp;quot;macos 26.0&amp;quot;,&amp;quot;platformName&amp;quot;:&amp;quot;macos 26.0&amp;quot;,&amp;quot;projectName&amp;quot;:&amp;quot;Test Scenarios&amp;quot;,&amp;quot;resolution&amp;quot;:&amp;quot;1024x768&amp;quot;,&amp;quot;safari.cookies&amp;quot;:true,&amp;quot;selenium_version&amp;quot;:&amp;quot;3.13.0&amp;quot;,&amp;quot;tunnel&amp;quot;:false,&amp;quot;tunnelIdentifier&amp;quot;:&amp;quot;&amp;quot;,&amp;quot;userAgent&amp;quot;:&amp;quot;selenium/3.141.59 (java windows)&amp;quot;,&amp;quot;verboseWebDriverLogging&amp;quot;:false,&amp;quot;version&amp;quot;:&amp;quot;143.0&amp;quot;,&amp;quot;video&amp;quot;:true,&amp;quot;visual&amp;quot;:true,&amp;quot;w3c&amp;quot;:true,&amp;quot;webdriverMode&amp;quot;:true} (WARNING: The server did not provide any stacktrace information)
Command duration or timeout: 4.90 seconds
Build info: version: &amp;apos;3.141.59&amp;apos;, revision: &amp;apos;e82be7d358&amp;apos;, time: &amp;apos;2018-11-14T08:17:03&amp;apos;
System info: host: &amp;apos;LAPTOP-95OV1M57&amp;apos;, ip: &amp;apos;192.168.1.72&amp;apos;, os.name: &amp;apos;Windows 11&amp;apos;, os.arch: &amp;apos;amd64&amp;apos;, os.version: &amp;apos;10.0&amp;apos;, java.version: &amp;apos;21.0.9&amp;apos;
Driver info: driver.version: RemoteWebDriver">
      <![CDATA[org.openqa.selenium.WebDriverException: LT01KEYNS51EZ2Z4GYPTB5RZD5B9-LF5BT-US-WEST-2: Error: Could not find a valid browserVersionData. config received, osVersion: tahoe browserName: safari browserVersion: 143.0 Input capabilities : {"DisableXFHeaders":true,"browserName":"safari","build":"SeleniumCertificate","console":"false","enableNetworkThrottling":false,"extendedDebuging":true,"headless":false,"hubVersion":"v3.6.18-merger","isRealMobile":false,"jwp":false,"loggingPrefs":{"browser":"ALL","driver":"ALL","performance":"ALL","server":"ALL"},"lt:options":{"build":"SeleniumCertificate","console":true,"name":"Scenario 3 in FireFox","network":true,"platformName":"MacOS Tahoe","project":"Test Scenarios","resolution":"1024x768","selenium_version":"3.13.0","video":true,"visual":true},"mode":"cloud","name":"Scenario 3 in FireFox","network":true,"network.har":true,"performance":false,"platform":"macos 26.0","platformName":"macos 26.0","projectName":"Test Scenarios","resolution":"1024x768","safari.cookies":true,"selenium_version":"3.13.0","tunnel":false,"tunnelIdentifier":"","userAgent":"selenium/3.141.59 (java windows)","verboseWebDriverLogging":false,"version":"143.0","video":true,"visual":true,"w3c":true,"webdriverMode":true} (WARNING: The server did not provide any stacktrace information)
Command duration or timeout: 4.90 seconds
Build info: version: '3.141.59', revision: 'e82be7d358', time: '2018-11-14T08:17:03'
System info: host: 'LAPTOP-95OV1M57', ip: '192.168.1.72', os.name: 'Windows 11', os.arch: 'amd64', os.version: '10.0', java.version: '21.0.9'
Driver info: driver.version: RemoteWebDriver
at org.openqa.selenium.remote.ErrorHandler.createThrowable(ErrorHandler.java:214)
at org.openqa.selenium.remote.ErrorHandler.throwIfResponseFailed(ErrorHandler.java:166)
at org.openqa.selenium.remote.JsonWireProtocolResponse.lambda$errorHandler$0(JsonWireProtocolResponse.java:54)
at org.openqa.selenium.remote.HandshakeResponse.lambda$getResponseFunction$0(HandshakeResponse.java:30)
at org.openqa.selenium.remote.ProtocolHandshake.lambda$createSession$0(ProtocolHandshake.java:126)
at java.base/java.util.stream.ReferencePipeline$3$1.accept(ReferencePipeline.java:197)
at java.base/java.util.Spliterators$ArraySpliterator.tryAdvance(Spliterators.java:1034)
at java.base/java.util.stream.ReferencePipeline.forEachWithCancel(ReferencePipeline.java:129)
at java.base/java.util.stream.AbstractPipeline.copyIntoWithCancel(AbstractPipeline.java:527)
at java.base/java.util.stream.AbstractPipeline.copyInto(AbstractPipeline.java:513)
at java.base/java.util.stream.AbstractPipeline.wrapAndCopyInto(AbstractPipeline.java:499)
at java.base/java.util.stream.FindOps$FindOp.evaluateSequential(FindOps.java:150)
at java.base/java.util.stream.AbstractPipeline.evaluate(AbstractPipeline.java:234)
at java.base/java.util.stream.ReferencePipeline.findFirst(ReferencePipeline.java:647)
at org.openqa.selenium.remote.ProtocolHandshake.createSession(ProtocolHandshake.java:128)
at org.openqa.selenium.remote.ProtocolHandshake.createSession(ProtocolHandshake.java:74)
at org.openqa.selenium.remote.HttpCommandExecutor.execute(HttpCommandExecutor.java:136)
at org.openqa.selenium.remote.RemoteWebDriver.execute(RemoteWebDriver.java:552)
at org.openqa.selenium.remote.RemoteWebDriver.startSession(RemoteWebDriver.java:213)
at org.openqa.selenium.remote.RemoteWebDriver.<init>(RemoteWebDriver.java:131)
at org.openqa.selenium.remote.RemoteWebDriver.<init>(RemoteWebDriver.java:144)
at SeleniumCertification.baseFile.setup(baseFile.java:35)
at java.base/java.util.concurrent.FutureTask.run(FutureTask.java:317)
at java.base/java.util.concurrent.ThreadPoolExecutor.runWorker(ThreadPoolExecutor.java:1144)
at java.base/java.util.concurrent.ThreadPoolExecutor$Worker.run(ThreadPoolExecutor.java:642)
at java.base/java.lang.Thread.run(Thread.java:1583)
... Removed 15 stack frames]]>
    </failure>
  </testcase> <!-- @BeforeTest setup -->
  <testcase classname="SeleniumCertification.baseFile" name="@AfterTest tearDown" time="0.0">
    <skipped/>
  </testcase> <!-- @AfterTest tearDown -->
  <testcase classname="SeleniumCertification.TestScenario3" name="submitForm" time="12.227"/>
</testsuite> <!-- Test in Chrome -->
