<?xml version="1.0" encoding="UTF-8"?>
<!-- Generated by org.testng.reporters.JUnitXMLReporter -->
<testsuite ignored="0" hostname="LAPTOP-95OV1M57" failures="1" tests="1" name="Test in Safari" time="21.926" errors="0" timestamp="2026-01-14T10:31:22 GMT-06:00">
  <testcase classname="SeleniumCertification.TestScenario3" name="submitForm" time="3.375">
    <failure type="java.lang.AssertionError" message="Message displayed: Fill out this field expected [true] but found [false]">
      <![CDATA[java.lang.AssertionError: Message displayed: Fill out this field expected [true] but found [false]
at SeleniumCertification.TestScenario3.submitForm(TestScenario3.java:39)
at java.base/java.util.ArrayList.forEach(ArrayList.java:1596)
at java.base/java.util.concurrent.FutureTask.run(FutureTask.java:317)
at java.base/java.util.concurrent.ThreadPoolExecutor.runWorker(ThreadPoolExecutor.java:1144)
at java.base/java.util.concurrent.ThreadPoolExecutor$Worker.run(ThreadPoolExecutor.java:642)
at java.base/java.lang.Thread.run(Thread.java:1583)
... Removed 18 stack frames]]>
    </failure>
  </testcase> <!-- submitForm -->
</testsuite> <!-- Test in Safari -->
