<?xml version="1.0" encoding="UTF-8"?>
<testng-results ignored="0" total="1" passed="1" failed="0" skipped="0">
  <reporter-output>
  </reporter-output>
  <suite started-at="2026-01-14T10:38:34 GMT-06:00" name="Suite" finished-at="2026-01-14T10:38:58 GMT-06:00" duration-ms="24394">
    <groups>
    </groups>
    <test started-at="2026-01-14T10:38:34 GMT-06:00" name="Test in FireFox" finished-at="2026-01-14T10:38:58 GMT-06:00" duration-ms="24394">
      <class name="SeleniumCertification.TestScenario3">
        <test-method is-config="true" signature="setup(java.lang.String,java.lang.String,java.lang.String)[pri:0, instance:SeleniumCertification.TestScenario3@c730b35]" started-at="2026-01-14T10:38:34 GMT-06:00" name="setup" finished-at="2026-01-14T10:38:47 GMT-06:00" duration-ms="13284" status="PASS">
          <params>
            <param index="0">
              <value>
                <![CDATA[Firefox]]>
              </value>
            </param>
            <param index="1">
              <value>
                <![CDATA[Scenario 3 in FireFox]]>
              </value>
            </param>
            <param index="2">
              <value>
                <![CDATA[MacOS Tahoe]]>
              </value>
            </param>
          </params>
          <reporter-output>
          </reporter-output>
        </test-method> <!-- setup -->
        <test-method signature="submitForm()[pri:0, instance:SeleniumCertification.TestScenario3@c730b35]" started-at="2026-01-14T10:38:47 GMT-06:00" name="submitForm" finished-at="2026-01-14T10:38:58 GMT-06:00" duration-ms="10239" status="PASS">
          <reporter-output>
          </reporter-output>
        </test-method> <!-- submitForm -->
        <test-method is-config="true" signature="tearDown()[pri:0, instance:SeleniumCertification.TestScenario3@c730b35]" started-at="2026-01-14T10:38:58 GMT-06:00" name="tearDown" finished-at="2026-01-14T10:38:58 GMT-06:00" duration-ms="781" status="PASS">
          <reporter-output>
          </reporter-output>
        </test-method> <!-- tearDown -->
      </class> <!-- SeleniumCertification.TestScenario3 -->
    </test> <!-- Test in FireFox -->
  </suite> <!-- Suite -->
</testng-results>
