<?xml version="1.0" encoding="UTF-8"?>
<!-- Generated by org.testng.reporters.JUnitReportReporter -->
<testsuite hostname="LAPTOP-95OV1M57" failures="0" tests="2" name="SeleniumCertification.TestScenario1" time="10.925" errors="0" timestamp="2026-01-13T16:55:42 GMT-06:00" skipped="0">
  <testcase classname="SeleniumCertification.TestScenario1" name="TestFormDemo" time="5.214"/>
  <testcase classname="SeleniumCertification.TestScenario1" name="TestFormDemo" time="5.711"/>
</testsuite> <!-- SeleniumCertification.TestScenario1 -->
