<?xml version="1.0" encoding="UTF-8"?>
<!-- Generated by org.testng.reporters.JUnitReportReporter -->
<testsuite hostname="LAPTOP-95OV1M57" failures="0" tests="2" name="SeleniumCertification.TestScenario2" time="41.396" errors="0" timestamp="2026-01-14T10:25:44 GMT-06:00" skipped="0">
  <testcase classname="SeleniumCertification.TestScenario2" name="TestSlider" time="20.218"/>
  <testcase classname="SeleniumCertification.TestScenario2" name="TestSlider" time="21.178"/>
</testsuite> <!-- SeleniumCertification.TestScenario2 -->
