<?xml version="1.0" encoding="UTF-8"?>
<!-- Generated by org.testng.reporters.JUnitReportReporter -->
<testsuite hostname="LAPTOP-95OV1M57" failures="0" tests="3" name="aui.AdvanceUserInteractions" time="24.704" errors="0" timestamp="2025-12-03T10:46:25 GMT-06:00" skipped="2">
  <testcase classname="aui.AdvanceUserInteractions" name="dragDropByLocation" time="24.704"/>
  <testcase classname="aui.AdvanceUserInteractions" name="move">
    <skipped/>
  </testcase> <!-- move -->
  <testcase classname="aui.AdvanceUserInteractions" name="dragDrop">
    <skipped/>
  </testcase> <!-- dragDrop -->
</testsuite> <!-- aui.AdvanceUserInteractions -->
